<?xml version="1.0" encoding="UTF-8"?>
<testng-results skipped="0" failed="0" total="1" passed="1">
  <reporter-output>
  </reporter-output>
  <suite name="Default suite" duration-ms="216983" started-at="2017-01-25T09:53:44Z" finished-at="2017-01-25T09:57:21Z">
    <groups>
    </groups>
    <test name="Default test" duration-ms="216983" started-at="2017-01-25T09:53:44Z" finished-at="2017-01-25T09:57:21Z">
      <class name="TestPack.BMP100Upload">
        <test-method status="PASS" signature="beforMet()[pri:0, instance:TestPack.BMP100Upload@64ecea5e]" name="beforMet" is-config="true" duration-ms="40314" started-at="2017-01-25T15:23:44Z" finished-at="2017-01-25T15:24:24Z">
          <reporter-output>
          </reporter-output>
        </test-method> <!-- beforMet -->
        <test-method status="PASS" signature="applicationLogin()[pri:0, instance:TestPack.BMP100Upload@64ecea5e]" name="applicationLogin" duration-ms="164905" started-at="2017-01-25T15:24:24Z" finished-at="2017-01-25T15:27:09Z">
          <reporter-output>
          </reporter-output>
        </test-method> <!-- applicationLogin -->
        <test-method status="PASS" signature="afterMet()[pri:0, instance:TestPack.BMP100Upload@64ecea5e]" name="afterMet" is-config="true" duration-ms="11739" started-at="2017-01-25T15:27:09Z" finished-at="2017-01-25T15:27:21Z">
          <reporter-output>
          </reporter-output>
        </test-method> <!-- afterMet -->
      </class> <!-- TestPack.BMP100Upload -->
    </test> <!-- Default test -->
  </suite> <!-- Default suite -->
</testng-results>
